[2021-03-02 21:46:04] local.ERROR: PDOException: SQLSTATE[HY000]: General error: 1 table "books" already exists in /var/www/html/vendor/illuminate/database/Connection.php:452
Stack trace:
#0 /var/www/html/vendor/illuminate/database/Connection.php(452): PDO->prepare('create table "b...')
#1 /var/www/html/vendor/illuminate/database/Connection.php(657): Illuminate\Database\Connection->Illuminate\Database\{closure}('create table "b...', Array)
#2 /var/www/html/vendor/illuminate/database/Connection.php(624): Illuminate\Database\Connection->runQueryCallback('create table "b...', Array, Object(Closure))
#3 /var/www/html/vendor/illuminate/database/Connection.php(459): Illuminate\Database\Connection->run('create table "b...', Array, Object(Closure))
#4 /var/www/html/vendor/illuminate/database/Schema/Blueprint.php(97): Illuminate\Database\Connection->statement('create table "b...')
#5 /var/www/html/vendor/illuminate/database/Schema/Builder.php(264): Illuminate\Database\Schema\Blueprint->build(Object(Illuminate\Database\SQLiteConnection), Object(Illuminate\Database\Schema\Grammars\SQLiteGrammar))
#6 /var/www/html/vendor/illuminate/database/Schema/Builder.php(165): Illuminate\Database\Schema\Builder->build(Object(Illuminate\Database\Schema\Blueprint))
#7 /var/www/html/vendor/illuminate/support/Facades/Facade.php(237): Illuminate\Database\Schema\Builder->create('books', Object(Closure))
#8 /var/www/html/database/migrations/2021_03_02_214554_create_books_table.php(19): Illuminate\Support\Facades\Facade::__callStatic('create', Array)
#9 /var/www/html/vendor/illuminate/database/Migrations/Migrator.php(360): CreateBooksTable->up()
#10 /var/www/html/vendor/illuminate/database/Migrations/Migrator.php(367): Illuminate\Database\Migrations\Migrator->Illuminate\Database\Migrations\{closure}()
#11 /var/www/html/vendor/illuminate/database/Migrations/Migrator.php(178): Illuminate\Database\Migrations\Migrator->runMigration(Object(CreateBooksTable), 'up')
#12 /var/www/html/vendor/illuminate/database/Migrations/Migrator.php(147): Illuminate\Database\Migrations\Migrator->runUp('/var/www/html/d...', 2, false)
#13 /var/www/html/vendor/illuminate/database/Migrations/Migrator.php(96): Illuminate\Database\Migrations\Migrator->runPending(Array, Array)
#14 /var/www/html/vendor/illuminate/database/Console/Migrations/MigrateCommand.php(71): Illuminate\Database\Migrations\Migrator->run(Array, Array)
#15 [internal function]: Illuminate\Database\Console\Migrations\MigrateCommand->handle()
#16 /var/www/html/vendor/illuminate/container/BoundMethod.php(29): call_user_func_array(Array, Array)
#17 /var/www/html/vendor/illuminate/container/BoundMethod.php(87): Illuminate\Container\BoundMethod::Illuminate\Container\{closure}()
#18 /var/www/html/vendor/illuminate/container/BoundMethod.php(31): Illuminate\Container\BoundMethod::callBoundMethod(Object(Laravel\Lumen\Application), Array, Object(Closure))
#19 /var/www/html/vendor/illuminate/container/Container.php(572): Illuminate\Container\BoundMethod::call(Object(Laravel\Lumen\Application), Array, Array, NULL)
#20 /var/www/html/vendor/illuminate/console/Command.php(183): Illuminate\Container\Container->call(Array)
#21 /var/www/html/vendor/symfony/console/Command/Command.php(255): Illuminate\Console\Command->execute(Object(Symfony\Component\Console\Input\ArgvInput), Object(Illuminate\Console\OutputStyle))
#22 /var/www/html/vendor/illuminate/console/Command.php(170): Symfony\Component\Console\Command\Command->run(Object(Symfony\Component\Console\Input\ArgvInput), Object(Illuminate\Console\OutputStyle))
#23 /var/www/html/vendor/symfony/console/Application.php(1001): Illuminate\Console\Command->run(Object(Symfony\Component\Console\Input\ArgvInput), Object(Symfony\Component\Console\Output\ConsoleOutput))
#24 /var/www/html/vendor/symfony/console/Application.php(271): Symfony\Component\Console\Application->doRunCommand(Object(Illuminate\Database\Console\Migrations\MigrateCommand), Object(Symfony\Component\Console\Input\ArgvInput), Object(Symfony\Component\Console\Output\ConsoleOutput))
#25 /var/www/html/vendor/symfony/console/Application.php(147): Symfony\Component\Console\Application->doRun(Object(Symfony\Component\Console\Input\ArgvInput), Object(Symfony\Component\Console\Output\ConsoleOutput))
#26 /var/www/html/vendor/illuminate/console/Application.php(89): Symfony\Component\Console\Application->run(Object(Symfony\Component\Console\Input\ArgvInput), Object(Symfony\Component\Console\Output\ConsoleOutput))
#27 /var/www/html/vendor/laravel/lumen-framework/src/Console/Kernel.php(115): Illuminate\Console\Application->run(Object(Symfony\Component\Console\Input\ArgvInput), Object(Symfony\Component\Console\Output\ConsoleOutput))
#28 /var/www/html/artisan(35): Laravel\Lumen\Console\Kernel->handle(Object(Symfony\Component\Console\Input\ArgvInput), Object(Symfony\Component\Console\Output\ConsoleOutput))
#29 {main}

Next Illuminate\Database\QueryException: SQLSTATE[HY000]: General error: 1 table "books" already exists (SQL: create table "books" ("id" integer not null primary key autoincrement, "created_at" datetime null, "updated_at" datetime null)) in /var/www/html/vendor/illuminate/database/Connection.php:664
Stack trace:
#0 /var/www/html/vendor/illuminate/database/Connection.php(624): Illuminate\Database\Connection->runQueryCallback('create table "b...', Array, Object(Closure))
#1 /var/www/html/vendor/illuminate/database/Connection.php(459): Illuminate\Database\Connection->run('create table "b...', Array, Object(Closure))
#2 /var/www/html/vendor/illuminate/database/Schema/Blueprint.php(97): Illuminate\Database\Connection->statement('create table "b...')
#3 /var/www/html/vendor/illuminate/database/Schema/Builder.php(264): Illuminate\Database\Schema\Blueprint->build(Object(Illuminate\Database\SQLiteConnection), Object(Illuminate\Database\Schema\Grammars\SQLiteGrammar))
#4 /var/www/html/vendor/illuminate/database/Schema/Builder.php(165): Illuminate\Database\Schema\Builder->build(Object(Illuminate\Database\Schema\Blueprint))
#5 /var/www/html/vendor/illuminate/support/Facades/Facade.php(237): Illuminate\Database\Schema\Builder->create('books', Object(Closure))
#6 /var/www/html/database/migrations/2021_03_02_214554_create_books_table.php(19): Illuminate\Support\Facades\Facade::__callStatic('create', Array)
#7 /var/www/html/vendor/illuminate/database/Migrations/Migrator.php(360): CreateBooksTable->up()
#8 /var/www/html/vendor/illuminate/database/Migrations/Migrator.php(367): Illuminate\Database\Migrations\Migrator->Illuminate\Database\Migrations\{closure}()
#9 /var/www/html/vendor/illuminate/database/Migrations/Migrator.php(178): Illuminate\Database\Migrations\Migrator->runMigration(Object(CreateBooksTable), 'up')
#10 /var/www/html/vendor/illuminate/database/Migrations/Migrator.php(147): Illuminate\Database\Migrations\Migrator->runUp('/var/www/html/d...', 2, false)
#11 /var/www/html/vendor/illuminate/database/Migrations/Migrator.php(96): Illuminate\Database\Migrations\Migrator->runPending(Array, Array)
#12 /var/www/html/vendor/illuminate/database/Console/Migrations/MigrateCommand.php(71): Illuminate\Database\Migrations\Migrator->run(Array, Array)
#13 [internal function]: Illuminate\Database\Console\Migrations\MigrateCommand->handle()
#14 /var/www/html/vendor/illuminate/container/BoundMethod.php(29): call_user_func_array(Array, Array)
#15 /var/www/html/vendor/illuminate/container/BoundMethod.php(87): Illuminate\Container\BoundMethod::Illuminate\Container\{closure}()
#16 /var/www/html/vendor/illuminate/container/BoundMethod.php(31): Illuminate\Container\BoundMethod::callBoundMethod(Object(Laravel\Lumen\Application), Array, Object(Closure))
#17 /var/www/html/vendor/illuminate/container/Container.php(572): Illuminate\Container\BoundMethod::call(Object(Laravel\Lumen\Application), Array, Array, NULL)
#18 /var/www/html/vendor/illuminate/console/Command.php(183): Illuminate\Container\Container->call(Array)
#19 /var/www/html/vendor/symfony/console/Command/Command.php(255): Illuminate\Console\Command->execute(Object(Symfony\Component\Console\Input\ArgvInput), Object(Illuminate\Console\OutputStyle))
#20 /var/www/html/vendor/illuminate/console/Command.php(170): Symfony\Component\Console\Command\Command->run(Object(Symfony\Component\Console\Input\ArgvInput), Object(Illuminate\Console\OutputStyle))
#21 /var/www/html/vendor/symfony/console/Application.php(1001): Illuminate\Console\Command->run(Object(Symfony\Component\Console\Input\ArgvInput), Object(Symfony\Component\Console\Output\ConsoleOutput))
#22 /var/www/html/vendor/symfony/console/Application.php(271): Symfony\Component\Console\Application->doRunCommand(Object(Illuminate\Database\Console\Migrations\MigrateCommand), Object(Symfony\Component\Console\Input\ArgvInput), Object(Symfony\Component\Console\Output\ConsoleOutput))
#23 /var/www/html/vendor/symfony/console/Application.php(147): Symfony\Component\Console\Application->doRun(Object(Symfony\Component\Console\Input\ArgvInput), Object(Symfony\Component\Console\Output\ConsoleOutput))
#24 /var/www/html/vendor/illuminate/console/Application.php(89): Symfony\Component\Console\Application->run(Object(Symfony\Component\Console\Input\ArgvInput), Object(Symfony\Component\Console\Output\ConsoleOutput))
#25 /var/www/html/vendor/laravel/lumen-framework/src/Console/Kernel.php(115): Illuminate\Console\Application->run(Object(Symfony\Component\Console\Input\ArgvInput), Object(Symfony\Component\Console\Output\ConsoleOutput))
#26 /var/www/html/artisan(35): Laravel\Lumen\Console\Kernel->handle(Object(Symfony\Component\Console\Input\ArgvInput), Object(Symfony\Component\Console\Output\ConsoleOutput))
#27 {main} {"exception":"[object] (Illuminate\\Database\\QueryException(code: HY000): SQLSTATE[HY000]: General error: 1 table \"books\" already exists (SQL: create table \"books\" (\"id\" integer not null primary key autoincrement, \"created_at\" datetime null, \"updated_at\" datetime null)) at /var/www/html/vendor/illuminate/database/Connection.php:664, PDOException(code: HY000): SQLSTATE[HY000]: General error: 1 table \"books\" already exists at /var/www/html/vendor/illuminate/database/Connection.php:452)
[stacktrace]
#0 /var/www/html/vendor/illuminate/database/Connection.php(624): Illuminate\\Database\\Connection->runQueryCallback('create table \"b...', Array, Object(Closure))
#1 /var/www/html/vendor/illuminate/database/Connection.php(459): Illuminate\\Database\\Connection->run('create table \"b...', Array, Object(Closure))
#2 /var/www/html/vendor/illuminate/database/Schema/Blueprint.php(97): Illuminate\\Database\\Connection->statement('create table \"b...')
#3 /var/www/html/vendor/illuminate/database/Schema/Builder.php(264): Illuminate\\Database\\Schema\\Blueprint->build(Object(Illuminate\\Database\\SQLiteConnection), Object(Illuminate\\Database\\Schema\\Grammars\\SQLiteGrammar))
#4 /var/www/html/vendor/illuminate/database/Schema/Builder.php(165): Illuminate\\Database\\Schema\\Builder->build(Object(Illuminate\\Database\\Schema\\Blueprint))
#5 /var/www/html/vendor/illuminate/support/Facades/Facade.php(237): Illuminate\\Database\\Schema\\Builder->create('books', Object(Closure))
#6 /var/www/html/database/migrations/2021_03_02_214554_create_books_table.php(19): Illuminate\\Support\\Facades\\Facade::__callStatic('create', Array)
#7 /var/www/html/vendor/illuminate/database/Migrations/Migrator.php(360): CreateBooksTable->up()
#8 /var/www/html/vendor/illuminate/database/Migrations/Migrator.php(367): Illuminate\\Database\\Migrations\\Migrator->Illuminate\\Database\\Migrations\\{closure}()
#9 /var/www/html/vendor/illuminate/database/Migrations/Migrator.php(178): Illuminate\\Database\\Migrations\\Migrator->runMigration(Object(CreateBooksTable), 'up')
#10 /var/www/html/vendor/illuminate/database/Migrations/Migrator.php(147): Illuminate\\Database\\Migrations\\Migrator->runUp('/var/www/html/d...', 2, false)
#11 /var/www/html/vendor/illuminate/database/Migrations/Migrator.php(96): Illuminate\\Database\\Migrations\\Migrator->runPending(Array, Array)
#12 /var/www/html/vendor/illuminate/database/Console/Migrations/MigrateCommand.php(71): Illuminate\\Database\\Migrations\\Migrator->run(Array, Array)
#13 [internal function]: Illuminate\\Database\\Console\\Migrations\\MigrateCommand->handle()
#14 /var/www/html/vendor/illuminate/container/BoundMethod.php(29): call_user_func_array(Array, Array)
#15 /var/www/html/vendor/illuminate/container/BoundMethod.php(87): Illuminate\\Container\\BoundMethod::Illuminate\\Container\\{closure}()
#16 /var/www/html/vendor/illuminate/container/BoundMethod.php(31): Illuminate\\Container\\BoundMethod::callBoundMethod(Object(Laravel\\Lumen\\Application), Array, Object(Closure))
#17 /var/www/html/vendor/illuminate/container/Container.php(572): Illuminate\\Container\\BoundMethod::call(Object(Laravel\\Lumen\\Application), Array, Array, NULL)
#18 /var/www/html/vendor/illuminate/console/Command.php(183): Illuminate\\Container\\Container->call(Array)
#19 /var/www/html/vendor/symfony/console/Command/Command.php(255): Illuminate\\Console\\Command->execute(Object(Symfony\\Component\\Console\\Input\\ArgvInput), Object(Illuminate\\Console\\OutputStyle))
#20 /var/www/html/vendor/illuminate/console/Command.php(170): Symfony\\Component\\Console\\Command\\Command->run(Object(Symfony\\Component\\Console\\Input\\ArgvInput), Object(Illuminate\\Console\\OutputStyle))
#21 /var/www/html/vendor/symfony/console/Application.php(1001): Illuminate\\Console\\Command->run(Object(Symfony\\Component\\Console\\Input\\ArgvInput), Object(Symfony\\Component\\Console\\Output\\ConsoleOutput))
#22 /var/www/html/vendor/symfony/console/Application.php(271): Symfony\\Component\\Console\\Application->doRunCommand(Object(Illuminate\\Database\\Console\\Migrations\\MigrateCommand), Object(Symfony\\Component\\Console\\Input\\ArgvInput), Object(Symfony\\Component\\Console\\Output\\ConsoleOutput))
#23 /var/www/html/vendor/symfony/console/Application.php(147): Symfony\\Component\\Console\\Application->doRun(Object(Symfony\\Component\\Console\\Input\\ArgvInput), Object(Symfony\\Component\\Console\\Output\\ConsoleOutput))
#24 /var/www/html/vendor/illuminate/console/Application.php(89): Symfony\\Component\\Console\\Application->run(Object(Symfony\\Component\\Console\\Input\\ArgvInput), Object(Symfony\\Component\\Console\\Output\\ConsoleOutput))
#25 /var/www/html/vendor/laravel/lumen-framework/src/Console/Kernel.php(115): Illuminate\\Console\\Application->run(Object(Symfony\\Component\\Console\\Input\\ArgvInput), Object(Symfony\\Component\\Console\\Output\\ConsoleOutput))
#26 /var/www/html/artisan(35): Laravel\\Lumen\\Console\\Kernel->handle(Object(Symfony\\Component\\Console\\Input\\ArgvInput), Object(Symfony\\Component\\Console\\Output\\ConsoleOutput))
#27 {main}
"} 
